<?xml version="1.0" encoding="UTF-8"?>
<!-- Generated by org.testng.reporters.JUnitReportReporter -->
<testsuite skipped="0" hostname="MANOFPOWER-PC" name="Scripts.TestValidLogin" tests="1" failures="0" timestamp="04 Jul 2018 14:01:26 GMT" time="78.150" errors="0">
  <testcase name="testValidLogin" time="78.150" classname="Scripts.TestValidLogin"/>
</testsuite> <!-- Scripts.TestValidLogin -->
