<?xml version="1.0" encoding="UTF-8"?>
<!-- Generated by org.testng.reporters.JUnitReportReporter -->
<testsuite skipped="0" hostname="MANOFPOWER-PC" name="Scripts.TestValidLogin" tests="1" failures="0" timestamp="07 Jul 2018 16:27:38 GMT" time="57.373" errors="0">
  <testcase name="testValidLogin" time="57.373" classname="Scripts.TestValidLogin"/>
</testsuite> <!-- Scripts.TestValidLogin -->
